PhpOffice\PhpSpreadsheet\Chart\Chart Object
(
    [name:PhpOffice\PhpSpreadsheet\Chart\Chart:private] => sample_chart
    [title:PhpOffice\PhpSpreadsheet\Chart\Chart:private] => PhpOffice\PhpSpreadsheet\Chart\Title Object
        (
            [caption:PhpOffice\PhpSpreadsheet\Chart\Title:private] => Chart Title
        )
    [legend:PhpOffice\PhpSpreadsheet\Chart\Chart:private] => PhpOffice\PhpSpreadsheet\Chart\Legend Object
        (
            [position:PhpOffice\PhpSpreadsheet\Chart\Legend:private] => r
            [borderLines:PhpOffice\PhpSpreadsheet\Chart\Legend:private] => PhpOffice\PhpSpreadsheet\Chart\GridLines Object
                (
                    [shadowColor:protected] => PhpOffice\PhpSpreadsheet\Chart\ChartColor Object
                        (
                            [value:PhpOffice\PhpSpreadsheet\Chart\ChartColor:private] => black
                            [type:PhpOffice\PhpSpreadsheet\Chart\ChartColor:private] => prstClr
                            [alpha:PhpOffice\PhpSpreadsheet\Chart\ChartColor:private] => 40
                        )
                )
        )
    [plotArea:PhpOffice\PhpSpreadsheet\Chart\Chart:private] => PhpOffice\PhpSpreadsheet\Chart\PlotArea Object
        (
            [layout:PhpOffice\PhpSpreadsheet\Chart\PlotArea:private] => PhpOffice\PhpSpreadsheet\Chart\Layout Object
                (
                    [showVal:PhpOffice\PhpSpreadsheet\Chart\Layout:private] => 1
                    [showCatName:PhpOffice\PhpSpreadsheet\Chart\Layout:private] => 1
                )
            [plotSeries:PhpOffice\PhpSpreadsheet\Chart\PlotArea:private] => Array
                (
                    [0] => PhpOffice\PhpSpreadsheet\Chart\DataSeries Object
                        (
                            [plotType:PhpOffice\PhpSpreadsheet\Chart\DataSeries:private] => 2
                            [plotDirection:PhpOffice\PhpSpreadsheet\Chart\DataSeries:private] => col
                            [plotOrder:PhpOffice\PhpSpreadsheet\Chart\DataSeries:private] => Array
                                (
                                    [0] => 0
                                )
                            [plotLabel:PhpOffice\PhpSpreadsheet\Chart\DataSeries:private] => Array
                                (
                                    [0] => PhpOffice\PhpSpreadsheet\Chart\DataSeriesValues Object
                                        (
                                            [shadowColor:protected] => PhpOffice\PhpSpreadsheet\Chart\ChartColor Object
                                                (
                                                    [value:PhpOffice\PhpSpreadsheet\Chart\ChartColor:private] => black
                                                    [type:PhpOffice\PhpSpreadsheet\Chart\ChartColor:private] => prstClr
                                                    [alpha:PhpOffice\PhpSpreadsheet\Chart\ChartColor:private] => 40
                                                )
                                            [dataType:PhpOffice\PhpSpreadsheet\Chart\DataSeriesValues:private] => String
                                            [dataSource:PhpOffice\PhpSpreadsheet\Chart\DataSeriesValues:private] => Sheet 1!$$1
                                            [pointSize:PhpOffice\PhpSpreadsheet\Chart\DataSeriesValues:private] => 3
                                            [pointCount:PhpOffice\PhpSpreadsheet\Chart\DataSeriesValues:private] => 1
                                            [scatterLines:PhpOffice\PhpSpreadsheet\Chart\DataSeriesValues:private] => 1
                                        )
                                )
                            [plotCategory:PhpOffice\PhpSpreadsheet\Chart\DataSeries:private] => Array
                                (
                                    [0] => PhpOffice\PhpSpreadsheet\Chart\DataSeriesValues Object
                                        (
                                            [shadowColor:protected] => PhpOffice\PhpSpreadsheet\Chart\ChartColor Object
                                                (
                                                    [value:PhpOffice\PhpSpreadsheet\Chart\ChartColor:private] => black
                                                    [type:PhpOffice\PhpSpreadsheet\Chart\ChartColor:private] => prstClr
                                                    [alpha:PhpOffice\PhpSpreadsheet\Chart\ChartColor:private] => 40
                                                )
                                            [dataType:PhpOffice\PhpSpreadsheet\Chart\DataSeriesValues:private] => String
                                            [dataSource:PhpOffice\PhpSpreadsheet\Chart\DataSeriesValues:private] => Sheet 1!$2:2
                                            [pointSize:PhpOffice\PhpSpreadsheet\Chart\DataSeriesValues:private] => 3
                                            [pointCount:PhpOffice\PhpSpreadsheet\Chart\DataSeriesValues:private] => 4
                                            [scatterLines:PhpOffice\PhpSpreadsheet\Chart\DataSeriesValues:private] => 1
                                        )
                                )
                            [plotValues:PhpOffice\PhpSpreadsheet\Chart\DataSeries:private] => Array
                                (
                                    [0] => PhpOffice\PhpSpreadsheet\Chart\DataSeriesValues Object
                                        (
                                            [shadowColor:protected] => PhpOffice\PhpSpreadsheet\Chart\ChartColor Object
                                                (
                                                    [value:PhpOffice\PhpSpreadsheet\Chart\ChartColor:private] => black
                                                    [type:PhpOffice\PhpSpreadsheet\Chart\ChartColor:private] => prstClr
                                                    [alpha:PhpOffice\PhpSpreadsheet\Chart\ChartColor:private] => 40
                                                )
                                            [dataType:PhpOffice\PhpSpreadsheet\Chart\DataSeriesValues:private] => Number
                                            [dataSource:PhpOffice\PhpSpreadsheet\Chart\DataSeriesValues:private] => Sheet 1!$2:2
                                            [pointSize:PhpOffice\PhpSpreadsheet\Chart\DataSeriesValues:private] => 3
                                            [pointCount:PhpOffice\PhpSpreadsheet\Chart\DataSeriesValues:private] => 4
                                            [scatterLines:PhpOffice\PhpSpreadsheet\Chart\DataSeriesValues:private] => 1
                                        )
                                )
                        )
                )
        )
    [plotVisibleOnly:PhpOffice\PhpSpreadsheet\Chart\Chart:private] => 1
    [displayBlanksAs:PhpOffice\PhpSpreadsheet\Chart\Chart:private] => gap
    [yAxis:PhpOffice\PhpSpreadsheet\Chart\Chart:private] => PhpOffice\PhpSpreadsheet\Chart\Axis Object
        (
            [shadowColor:protected] => PhpOffice\PhpSpreadsheet\Chart\ChartColor Object
                (
                    [value:PhpOffice\PhpSpreadsheet\Chart\ChartColor:private] => black
                    [type:PhpOffice\PhpSpreadsheet\Chart\ChartColor:private] => prstClr
                    [alpha:PhpOffice\PhpSpreadsheet\Chart\ChartColor:private] => 40
                )
            [axisNumber:PhpOffice\PhpSpreadsheet\Chart\Axis:private] => Array
                (
                    [format] => General
                    [source_linked] => 1
                )
            [axisOptions:PhpOffice\PhpSpreadsheet\Chart\Axis:private] => Array
                (
                    [orientation] => minMax
                    [minor_tick_mark] => none
                    [major_tick_mark] => none
                    [axis_labels] => nextTo
                    [horizontal_crosses] => autoZero
                    [majorTimeUnit] => years
                    [minorTimeUnit] => months
                    [baseTimeUnit] => days
                )
        )
    [xAxis:PhpOffice\PhpSpreadsheet\Chart\Chart:private] => PhpOffice\PhpSpreadsheet\Chart\Axis Object
        (
            [shadowColor:protected] => PhpOffice\PhpSpreadsheet\Chart\ChartColor Object
                (
                    [value:PhpOffice\PhpSpreadsheet\Chart\ChartColor:private] => black
                    [type:PhpOffice\PhpSpreadsheet\Chart\ChartColor:private] => prstClr
                    [alpha:PhpOffice\PhpSpreadsheet\Chart\ChartColor:private] => 40
                )
            [axisNumber:PhpOffice\PhpSpreadsheet\Chart\Axis:private] => Array
                (
                    [format] => General
                    [source_linked] => 1
                )
            [axisOptions:PhpOffice\PhpSpreadsheet\Chart\Axis:private] => Array
                (
                    [orientation] => minMax
                    [minor_tick_mark] => none
                    [major_tick_mark] => none
                    [axis_labels] => nextTo
                    [horizontal_crosses] => autoZero
                    [majorTimeUnit] => years
                    [minorTimeUnit] => months
                    [baseTimeUnit] => days
                )
        )
    [topLeftCellRef:PhpOffice\PhpSpreadsheet\Chart\Chart:private] => A4
    [topLeftXOffset:PhpOffice\PhpSpreadsheet\Chart\Chart:private] => 0
    [topLeftYOffset:PhpOffice\PhpSpreadsheet\Chart\Chart:private] => 0
    [bottomRightCellRef:PhpOffice\PhpSpreadsheet\Chart\Chart:private] => G12
    [bottomRightXOffset:PhpOffice\PhpSpreadsheet\Chart\Chart:private] => 10
    [bottomRightYOffset:PhpOffice\PhpSpreadsheet\Chart\Chart:private] => 10
    [borderLines:PhpOffice\PhpSpreadsheet\Chart\Chart:private] => PhpOffice\PhpSpreadsheet\Chart\GridLines Object
        (
            [shadowColor:protected] => PhpOffice\PhpSpreadsheet\Chart\ChartColor Object
                (
                    [value:PhpOffice\PhpSpreadsheet\Chart\ChartColor:private] => black
                    [type:PhpOffice\PhpSpreadsheet\Chart\ChartColor:private] => prstClr
                    [alpha:PhpOffice\PhpSpreadsheet\Chart\ChartColor:private] => 40
                )
        )
)
